[     471ms] [INFO] %cDownload the React DevTools for a better development experience: https://react.dev/link/react-devtools font-weight:bold @ http://localhost:3002/_next/static/chunks/node_modules_next_dist_compiled_react-dom_1e674e59._.js:14537
[     755ms] [ERROR] Failed to load resource: the server responded with a status of 404 () @ https://directory.weill.cornell.edu/api/v1/person/profile/aaa3003.png?returnGenericOn404=false:0
[     756ms] [ERROR] Failed to load resource: the server responded with a status of 404 () @ https://directory.weill.cornell.edu/api/v1/person/profile/aaa4007.png?returnGenericOn404=false:0
[     768ms] [ERROR] Failed to load resource: the server responded with a status of 404 () @ https://directory.weill.cornell.edu/api/v1/person/profile/aab4009.png?returnGenericOn404=false:0
[     787ms] [ERROR] Failed to load resource: the server responded with a status of 404 () @ https://directory.weill.cornell.edu/api/v1/person/profile/aaa2033.png?returnGenericOn404=false:0
[     792ms] [ERROR] Failed to load resource: the server responded with a status of 404 () @ https://directory.weill.cornell.edu/api/v1/person/profile/aaa2018.png?returnGenericOn404=false:0
[     793ms] [ERROR] Failed to load resource: the server responded with a status of 404 () @ https://directory.weill.cornell.edu/api/v1/person/profile/aaa2008.png?returnGenericOn404=false:0
[     798ms] [ERROR] Failed to load resource: the server responded with a status of 404 () @ https://directory.weill.cornell.edu/api/v1/person/profile/aaa2019.png?returnGenericOn404=false:0
[     799ms] [ERROR] Failed to load resource: the server responded with a status of 404 () @ https://directory.weill.cornell.edu/api/v1/person/profile/aaa2014.png?returnGenericOn404=false:0
[     804ms] [ERROR] Failed to load resource: the server responded with a status of 404 () @ https://directory.weill.cornell.edu/api/v1/person/profile/aac2009.png?returnGenericOn404=false:0
[     876ms] [ERROR] Failed to load resource: the server responded with a status of 404 () @ https://directory.weill.cornell.edu/api/v1/person/profile/aaa4022.png?returnGenericOn404=false:0
[     883ms] [ERROR] Failed to load resource: the server responded with a status of 404 () @ https://directory.weill.cornell.edu/api/v1/person/profile/aaa4009.png?returnGenericOn404=false:0
[     907ms] [ERROR] Failed to load resource: the server responded with a status of 404 () @ https://directory.weill.cornell.edu/api/v1/person/profile/aac4007.png?returnGenericOn404=false:0
[     920ms] [ERROR] Failed to load resource: the server responded with a status of 404 () @ https://directory.weill.cornell.edu/api/v1/person/profile/aab9028.png?returnGenericOn404=false:0
[     920ms] [ERROR] Failed to load resource: the server responded with a status of 404 () @ https://directory.weill.cornell.edu/api/v1/person/profile/aab9027.png?returnGenericOn404=false:0
[     933ms] [ERROR] Failed to load resource: the server responded with a status of 404 () @ https://directory.weill.cornell.edu/api/v1/person/profile/aaa2025.png?returnGenericOn404=false:0
[     942ms] [ERROR] Failed to load resource: the server responded with a status of 404 () @ https://directory.weill.cornell.edu/api/v1/person/profile/aab9010.png?returnGenericOn404=false:0
[     948ms] [ERROR] Failed to load resource: the server responded with a status of 404 () @ https://directory.weill.cornell.edu/api/v1/person/profile/aaa2020.png?returnGenericOn404=false:0
[     970ms] [ERROR] Failed to load resource: the server responded with a status of 404 () @ https://directory.weill.cornell.edu/api/v1/person/profile/aaa2009.png?returnGenericOn404=false:0
[     990ms] [LOG] [Fast Refresh] rebuilding @ http://localhost:3002/_next/static/chunks/node_modules_next_dist_client_cf1d9188._.js:5949
[    1038ms] [LOG] [Fast Refresh] done in 149ms @ http://localhost:3002/_next/static/chunks/node_modules_next_dist_client_cf1d9188._.js:5809
[   33460ms] [LOG] [Fast Refresh] rebuilding @ http://localhost:3002/_next/static/chunks/node_modules_next_dist_client_cf1d9188._.js:5949
[   33487ms] [LOG] [Fast Refresh] done in 60ms @ http://localhost:3002/_next/static/chunks/node_modules_next_dist_client_cf1d9188._.js:5809
