[     230ms] [INFO] %cDownload the React DevTools for a better development experience: https://react.dev/link/react-devtools font-weight:bold @ http://localhost:3000/_next/static/chunks/node_modules_next_dist_compiled_react-dom_1e674e59._.js:14537
[     524ms] [ERROR] Failed to load resource: the server responded with a status of 404 () @ https://directory.weill.cornell.edu/api/v1/person/profile/aab4009.png?returnGenericOn404=false:0
[     526ms] [ERROR] Failed to load resource: the server responded with a status of 404 () @ https://directory.weill.cornell.edu/api/v1/person/profile/aaa4007.png?returnGenericOn404=false:0
[     538ms] [ERROR] Failed to load resource: the server responded with a status of 404 () @ https://directory.weill.cornell.edu/api/v1/person/profile/aaa3003.png?returnGenericOn404=false:0
[     540ms] [ERROR] Failed to load resource: the server responded with a status of 404 () @ https://directory.weill.cornell.edu/api/v1/person/profile/aaa2018.png?returnGenericOn404=false:0
[     541ms] [ERROR] Failed to load resource: the server responded with a status of 404 () @ https://directory.weill.cornell.edu/api/v1/person/profile/aaa4022.png?returnGenericOn404=false:0
[     552ms] [ERROR] Failed to load resource: the server responded with a status of 404 () @ https://directory.weill.cornell.edu/api/v1/person/profile/aab9010.png?returnGenericOn404=false:0
[     556ms] [ERROR] Failed to load resource: the server responded with a status of 404 () @ https://directory.weill.cornell.edu/api/v1/person/profile/aaa2009.png?returnGenericOn404=false:0
[     557ms] [ERROR] Failed to load resource: the server responded with a status of 404 () @ https://directory.weill.cornell.edu/api/v1/person/profile/aac2009.png?returnGenericOn404=false:0
[     561ms] [ERROR] Failed to load resource: the server responded with a status of 404 () @ https://directory.weill.cornell.edu/api/v1/person/profile/aaa4009.png?returnGenericOn404=false:0
[     634ms] [ERROR] Failed to load resource: the server responded with a status of 404 () @ https://directory.weill.cornell.edu/api/v1/person/profile/aaa2008.png?returnGenericOn404=false:0
[     646ms] [ERROR] Failed to load resource: the server responded with a status of 404 () @ https://directory.weill.cornell.edu/api/v1/person/profile/aaa2014.png?returnGenericOn404=false:0
[     648ms] [ERROR] Failed to load resource: the server responded with a status of 404 () @ https://directory.weill.cornell.edu/api/v1/person/profile/aab9027.png?returnGenericOn404=false:0
[     649ms] [ERROR] Failed to load resource: the server responded with a status of 404 () @ https://directory.weill.cornell.edu/api/v1/person/profile/aac4007.png?returnGenericOn404=false:0
[     650ms] [ERROR] Failed to load resource: the server responded with a status of 404 () @ https://directory.weill.cornell.edu/api/v1/person/profile/aaa2020.png?returnGenericOn404=false:0
[     675ms] [ERROR] Failed to load resource: the server responded with a status of 404 () @ https://directory.weill.cornell.edu/api/v1/person/profile/aaa2033.png?returnGenericOn404=false:0
[     688ms] [ERROR] Failed to load resource: the server responded with a status of 404 () @ https://directory.weill.cornell.edu/api/v1/person/profile/aaa2025.png?returnGenericOn404=false:0
[     712ms] [ERROR] Failed to load resource: the server responded with a status of 404 () @ https://directory.weill.cornell.edu/api/v1/person/profile/aab9028.png?returnGenericOn404=false:0
[     720ms] [ERROR] Failed to load resource: the server responded with a status of 404 () @ https://directory.weill.cornell.edu/api/v1/person/profile/aaa2019.png?returnGenericOn404=false:0
[     749ms] [LOG] [Fast Refresh] rebuilding @ http://localhost:3000/_next/static/chunks/node_modules_next_dist_client_cf1d9188._.js:5949
[     758ms] [LOG] [Fast Refresh] done in 110ms @ http://localhost:3000/_next/static/chunks/node_modules_next_dist_client_cf1d9188._.js:5809
[ 1316219ms] [LOG] [Fast Refresh] rebuilding @ http://localhost:3000/_next/static/chunks/node_modules_next_dist_client_cf1d9188._.js:5949
[ 1316246ms] [LOG] [Fast Refresh] done in 123ms @ http://localhost:3000/_next/static/chunks/node_modules_next_dist_client_cf1d9188._.js:5809
[ 1316805ms] [LOG] [Fast Refresh] rebuilding @ http://localhost:3000/_next/static/chunks/node_modules_next_dist_client_cf1d9188._.js:5949
[ 1316870ms] [LOG] [Fast Refresh] done in 166ms @ http://localhost:3000/_next/static/chunks/node_modules_next_dist_client_cf1d9188._.js:5809
[ 1398265ms] [LOG] [Fast Refresh] rebuilding @ http://localhost:3000/_next/static/chunks/node_modules_next_dist_client_cf1d9188._.js:5949
[ 1398346ms] [LOG] [Fast Refresh] done in 18ms @ http://localhost:3000/_next/static/chunks/node_modules_next_dist_client_cf1d9188._.js:5809
