[    2426ms] [INFO] %cDownload the React DevTools for a better development experience: https://react.dev/link/react-devtools font-weight:bold @ http://localhost:3002/_next/static/chunks/node_modules_next_dist_compiled_react-dom_1e674e59._.js:14537
[    2518ms] [ERROR] Failed to load resource: the server responded with a status of 404 (Not Found) @ http://localhost:3002/favicon.ico:0
[    2740ms] [ERROR] Failed to load resource: the server responded with a status of 404 () @ https://directory.weill.cornell.edu/api/v1/person/profile/aaa2018.png?returnGenericOn404=false:0
[    2759ms] [ERROR] Failed to load resource: the server responded with a status of 404 () @ https://directory.weill.cornell.edu/api/v1/person/profile/aaa2009.png?returnGenericOn404=false:0
[    2760ms] [ERROR] Failed to load resource: the server responded with a status of 404 () @ https://directory.weill.cornell.edu/api/v1/person/profile/aaa4007.png?returnGenericOn404=false:0
[    2760ms] [ERROR] Failed to load resource: the server responded with a status of 404 () @ https://directory.weill.cornell.edu/api/v1/person/profile/aaa3003.png?returnGenericOn404=false:0
[    2762ms] [ERROR] Failed to load resource: the server responded with a status of 404 () @ https://directory.weill.cornell.edu/api/v1/person/profile/aaa2019.png?returnGenericOn404=false:0
[    2765ms] [ERROR] Failed to load resource: the server responded with a status of 404 () @ https://directory.weill.cornell.edu/api/v1/person/profile/aac2009.png?returnGenericOn404=false:0
[    2771ms] [ERROR] Failed to load resource: the server responded with a status of 404 () @ https://directory.weill.cornell.edu/api/v1/person/profile/aab9027.png?returnGenericOn404=false:0
[    2774ms] [ERROR] Failed to load resource: the server responded with a status of 404 () @ https://directory.weill.cornell.edu/api/v1/person/profile/aaa4022.png?returnGenericOn404=false:0
[    2818ms] [ERROR] Failed to load resource: the server responded with a status of 404 () @ https://directory.weill.cornell.edu/api/v1/person/profile/aab4009.png?returnGenericOn404=false:0
[    2822ms] [ERROR] Failed to load resource: the server responded with a status of 404 () @ https://directory.weill.cornell.edu/api/v1/person/profile/aac4007.png?returnGenericOn404=false:0
[    2838ms] [ERROR] Failed to load resource: the server responded with a status of 404 () @ https://directory.weill.cornell.edu/api/v1/person/profile/aaa2033.png?returnGenericOn404=false:0
[    2864ms] [ERROR] Failed to load resource: the server responded with a status of 404 () @ https://directory.weill.cornell.edu/api/v1/person/profile/aaa2014.png?returnGenericOn404=false:0
[    2874ms] [ERROR] Failed to load resource: the server responded with a status of 404 () @ https://directory.weill.cornell.edu/api/v1/person/profile/aab9028.png?returnGenericOn404=false:0
[    2886ms] [ERROR] Failed to load resource: the server responded with a status of 404 () @ https://directory.weill.cornell.edu/api/v1/person/profile/aaa2008.png?returnGenericOn404=false:0
[    2887ms] [ERROR] Failed to load resource: the server responded with a status of 404 () @ https://directory.weill.cornell.edu/api/v1/person/profile/aaa2025.png?returnGenericOn404=false:0
[    2898ms] [ERROR] Failed to load resource: the server responded with a status of 404 () @ https://directory.weill.cornell.edu/api/v1/person/profile/aaa2020.png?returnGenericOn404=false:0
[    2920ms] [ERROR] Failed to load resource: the server responded with a status of 404 () @ https://directory.weill.cornell.edu/api/v1/person/profile/aab9010.png?returnGenericOn404=false:0
[    2929ms] [ERROR] Failed to load resource: the server responded with a status of 404 () @ https://directory.weill.cornell.edu/api/v1/person/profile/aaa4009.png?returnGenericOn404=false:0
[    2932ms] [LOG] [Fast Refresh] rebuilding @ http://localhost:3002/_next/static/chunks/node_modules_next_dist_client_cf1d9188._.js:5949
[    2978ms] [LOG] [Fast Refresh] done in 147ms @ http://localhost:3002/_next/static/chunks/node_modules_next_dist_client_cf1d9188._.js:5809
